{"/Users/macbookpro/Documents/TimeOverGrow/src/components/Chart.vue": {"path":"/Users/macbookpro/Documents/TimeOverGrow/src/components/Chart.vue","statementMap":{"0":{"start":{"line":2,"column":0},"end":{"line":2,"column":null}},"1":{"start":{"line":3,"column":0},"end":{"line":3,"column":null}},"2":{"start":{"line":10,"column":0},"end":{"line":10,"column":null}}},"fnMap":{"0":{"name":"(anonymous_1)","decl":{"start":{"line":9,"column":0},"end":{"line":9,"column":null}},"loc":{"start":{"line":9,"column":0},"end":{"line":11,"column":null}}}},"branchMap":{},"s":{"0":0,"1":0,"2":0},"f":{"0":0},"b":{}}
,"/Users/macbookpro/Documents/TimeOverGrow/src/components/Main.vue": {"path":"/Users/macbookpro/Documents/TimeOverGrow/src/components/Main.vue","statementMap":{"0":{"start":{"line":29,"column":0},"end":{"line":29,"column":null}},"1":{"start":{"line":30,"column":0},"end":{"line":30,"column":null}},"2":{"start":{"line":31,"column":0},"end":{"line":31,"column":null}},"3":{"start":{"line":32,"column":0},"end":{"line":32,"column":null}},"4":{"start":{"line":33,"column":0},"end":{"line":33,"column":null}},"5":{"start":{"line":34,"column":0},"end":{"line":34,"column":null}},"6":{"start":{"line":46,"column":0},"end":{"line":46,"column":null}},"7":{"start":{"line":60,"column":0},"end":{"line":60,"column":null}},"8":{"start":{"line":64,"column":0},"end":{"line":64,"column":null}},"9":{"start":{"line":67,"column":0},"end":{"line":67,"column":null}},"10":{"start":{"line":68,"column":0},"end":{"line":68,"column":null}},"11":{"start":{"line":69,"column":0},"end":{"line":69,"column":null}},"12":{"start":{"line":71,"column":0},"end":{"line":71,"column":null}},"13":{"start":{"line":72,"column":0},"end":{"line":72,"column":null}},"14":{"start":{"line":73,"column":0},"end":{"line":73,"column":null}},"15":{"start":{"line":74,"column":0},"end":{"line":74,"column":null}},"16":{"start":{"line":79,"column":0},"end":{"line":79,"column":null}},"17":{"start":{"line":82,"column":0},"end":{"line":82,"column":null}},"18":{"start":{"line":85,"column":0},"end":{"line":85,"column":null}},"19":{"start":{"line":86,"column":0},"end":{"line":86,"column":null}},"20":{"start":{"line":87,"column":0},"end":{"line":89,"column":null}},"21":{"start":{"line":88,"column":0},"end":{"line":88,"column":null}},"22":{"start":{"line":91,"column":0},"end":{"line":103,"column":null}},"23":{"start":{"line":124,"column":0},"end":{"line":124,"column":null}},"24":{"start":{"line":133,"column":0},"end":{"line":133,"column":null}},"25":{"start":{"line":140,"column":0},"end":{"line":140,"column":null}},"26":{"start":{"line":141,"column":0},"end":{"line":145,"column":null}},"27":{"start":{"line":142,"column":0},"end":{"line":142,"column":null}},"28":{"start":{"line":144,"column":0},"end":{"line":144,"column":null}},"29":{"start":{"line":147,"column":0},"end":{"line":147,"column":null}},"30":{"start":{"line":150,"column":0},"end":{"line":150,"column":null}},"31":{"start":{"line":151,"column":0},"end":{"line":155,"column":null}},"32":{"start":{"line":152,"column":0},"end":{"line":152,"column":null}},"33":{"start":{"line":154,"column":0},"end":{"line":154,"column":null}},"34":{"start":{"line":157,"column":0},"end":{"line":157,"column":null}},"35":{"start":{"line":160,"column":0},"end":{"line":160,"column":null}},"36":{"start":{"line":161,"column":0},"end":{"line":161,"column":null}},"37":{"start":{"line":162,"column":0},"end":{"line":168,"column":null}},"38":{"start":{"line":163,"column":0},"end":{"line":165,"column":null}},"39":{"start":{"line":164,"column":0},"end":{"line":164,"column":null}},"40":{"start":{"line":167,"column":0},"end":{"line":167,"column":null}},"41":{"start":{"line":170,"column":0},"end":{"line":170,"column":null}}},"fnMap":{"0":{"name":"(anonymous_2)","decl":{"start":{"line":45,"column":0},"end":{"line":45,"column":null}},"loc":{"start":{"line":45,"column":0},"end":{"line":57,"column":null}}},"1":{"name":"(anonymous_3)","decl":{"start":{"line":59,"column":0},"end":{"line":59,"column":null}},"loc":{"start":{"line":59,"column":0},"end":{"line":61,"column":null}}},"2":{"name":"(anonymous_4)","decl":{"start":{"line":63,"column":0},"end":{"line":63,"column":null}},"loc":{"start":{"line":63,"column":0},"end":{"line":65,"column":null}}},"3":{"name":"(anonymous_5)","decl":{"start":{"line":66,"column":0},"end":{"line":66,"column":null}},"loc":{"start":{"line":66,"column":0},"end":{"line":75,"column":null}}},"4":{"name":"(anonymous_6)","decl":{"start":{"line":78,"column":0},"end":{"line":78,"column":null}},"loc":{"start":{"line":78,"column":0},"end":{"line":80,"column":null}}},"5":{"name":"(anonymous_7)","decl":{"start":{"line":81,"column":0},"end":{"line":81,"column":null}},"loc":{"start":{"line":81,"column":0},"end":{"line":83,"column":null}}},"6":{"name":"(anonymous_8)","decl":{"start":{"line":84,"column":0},"end":{"line":84,"column":null}},"loc":{"start":{"line":84,"column":0},"end":{"line":138,"column":null}}},"7":{"name":"(anonymous_9)","decl":{"start":{"line":123,"column":0},"end":{"line":123,"column":null}},"loc":{"start":{"line":123,"column":0},"end":{"line":125,"column":null}}},"8":{"name":"(anonymous_10)","decl":{"start":{"line":132,"column":0},"end":{"line":132,"column":null}},"loc":{"start":{"line":132,"column":0},"end":{"line":134,"column":null}}},"9":{"name":"(anonymous_11)","decl":{"start":{"line":139,"column":0},"end":{"line":139,"column":null}},"loc":{"start":{"line":139,"column":0},"end":{"line":148,"column":null}}},"10":{"name":"(anonymous_12)","decl":{"start":{"line":149,"column":0},"end":{"line":149,"column":null}},"loc":{"start":{"line":149,"column":0},"end":{"line":158,"column":null}}},"11":{"name":"(anonymous_13)","decl":{"start":{"line":159,"column":0},"end":{"line":159,"column":null}},"loc":{"start":{"line":159,"column":0},"end":{"line":171,"column":null}}}},"branchMap":{"0":{"loc":{"start":{"line":87,"column":0},"end":{"line":89,"column":null}},"type":"if","locations":[{"start":{"line":87,"column":0},"end":{"line":89,"column":null}},{"start":{"line":87,"column":0},"end":{"line":89,"column":null}}]},"1":{"loc":{"start":{"line":163,"column":0},"end":{"line":165,"column":null}},"type":"if","locations":[{"start":{"line":163,"column":0},"end":{"line":165,"column":null}},{"start":{"line":163,"column":0},"end":{"line":165,"column":null}}]}},"s":{"0":0,"1":0,"2":0,"3":0,"4":0,"5":0,"6":0,"7":0,"8":0,"9":0,"10":0,"11":0,"12":0,"13":0,"14":0,"15":0,"16":0,"17":0,"18":0,"19":0,"20":0,"21":0,"22":0,"23":0,"24":0,"25":0,"26":0,"27":0,"28":0,"29":0,"30":0,"31":0,"32":0,"33":0,"34":0,"35":0,"36":0,"37":0,"38":0,"39":0,"40":0,"41":0},"f":{"0":0,"1":0,"2":0,"3":0,"4":0,"5":0,"6":0,"7":0,"8":0,"9":0,"10":0,"11":0},"b":{"0":[0,0],"1":[0,0]}}
,"/Users/macbookpro/Documents/TimeOverGrow/src/components/MessageList.vue": {"path":"/Users/macbookpro/Documents/TimeOverGrow/src/components/MessageList.vue","statementMap":{"0":{"start":{"line":17,"column":0},"end":{"line":17,"column":null}},"1":{"start":{"line":28,"column":0},"end":{"line":40,"column":null}},"2":{"start":{"line":29,"column":0},"end":{"line":31,"column":null}},"3":{"start":{"line":30,"column":0},"end":{"line":30,"column":null}},"4":{"start":{"line":32,"column":0},"end":{"line":34,"column":null}},"5":{"start":{"line":33,"column":0},"end":{"line":33,"column":null}},"6":{"start":{"line":35,"column":0},"end":{"line":37,"column":null}},"7":{"start":{"line":36,"column":0},"end":{"line":36,"column":null}},"8":{"start":{"line":39,"column":0},"end":{"line":39,"column":null}}},"fnMap":{"0":{"name":"(anonymous_2)","decl":{"start":{"line":27,"column":0},"end":{"line":27,"column":null}},"loc":{"start":{"line":27,"column":0},"end":{"line":41,"column":null}}},"1":{"name":"(anonymous_3)","decl":{"start":{"line":28,"column":0},"end":{"line":28,"column":null}},"loc":{"start":{"line":28,"column":0},"end":{"line":40,"column":null}}}},"branchMap":{"0":{"loc":{"start":{"line":29,"column":0},"end":{"line":31,"column":null}},"type":"if","locations":[{"start":{"line":29,"column":0},"end":{"line":31,"column":null}},{"start":{"line":29,"column":0},"end":{"line":31,"column":null}}]},"1":{"loc":{"start":{"line":32,"column":0},"end":{"line":34,"column":null}},"type":"if","locations":[{"start":{"line":32,"column":0},"end":{"line":34,"column":null}},{"start":{"line":32,"column":0},"end":{"line":34,"column":null}}]},"2":{"loc":{"start":{"line":35,"column":0},"end":{"line":37,"column":null}},"type":"if","locations":[{"start":{"line":35,"column":0},"end":{"line":37,"column":null}},{"start":{"line":35,"column":0},"end":{"line":37,"column":null}}]}},"s":{"0":1,"1":0,"2":0,"3":0,"4":0,"5":0,"6":0,"7":0,"8":0},"f":{"0":0,"1":0},"b":{"0":[0,0],"1":[0,0],"2":[0,0]}}
,"/Users/macbookpro/Documents/TimeOverGrow/src/components/SocialLogin.vue": {"path":"/Users/macbookpro/Documents/TimeOverGrow/src/components/SocialLogin.vue","statementMap":{"0":{"start":{"line":59,"column":0},"end":{"line":59,"column":null}},"1":{"start":{"line":65,"column":0},"end":{"line":75,"column":null}},"2":{"start":{"line":68,"column":0},"end":{"line":68,"column":null}},"3":{"start":{"line":73,"column":0},"end":{"line":73,"column":null}},"4":{"start":{"line":78,"column":0},"end":{"line":90,"column":null}},"5":{"start":{"line":81,"column":0},"end":{"line":81,"column":null}},"6":{"start":{"line":84,"column":0},"end":{"line":84,"column":null}},"7":{"start":{"line":87,"column":0},"end":{"line":87,"column":null}},"8":{"start":{"line":88,"column":0},"end":{"line":88,"column":null}},"9":{"start":{"line":89,"column":0},"end":{"line":89,"column":null}}},"fnMap":{"0":{"name":"(anonymous_1)","decl":{"start":{"line":64,"column":0},"end":{"line":64,"column":null}},"loc":{"start":{"line":64,"column":0},"end":{"line":76,"column":null}}},"1":{"name":"(anonymous_2)","decl":{"start":{"line":65,"column":0},"end":{"line":65,"column":null}},"loc":{"start":{"line":65,"column":0},"end":{"line":71,"column":null}}},"2":{"name":"(anonymous_3)","decl":{"start":{"line":71,"column":0},"end":{"line":71,"column":null}},"loc":{"start":{"line":71,"column":0},"end":{"line":75,"column":null}}},"3":{"name":"(anonymous_4)","decl":{"start":{"line":77,"column":0},"end":{"line":77,"column":null}},"loc":{"start":{"line":77,"column":0},"end":{"line":91,"column":null}}},"4":{"name":"(anonymous_5)","decl":{"start":{"line":78,"column":0},"end":{"line":78,"column":null}},"loc":{"start":{"line":78,"column":0},"end":{"line":85,"column":null}}},"5":{"name":"(anonymous_6)","decl":{"start":{"line":85,"column":0},"end":{"line":85,"column":null}},"loc":{"start":{"line":85,"column":0},"end":{"line":90,"column":null}}}},"branchMap":{},"s":{"0":0,"1":0,"2":0,"3":0,"4":0,"5":0,"6":0,"7":0,"8":0,"9":0},"f":{"0":0,"1":0,"2":0,"3":0,"4":0,"5":0},"b":{}}
,"/Users/macbookpro/Documents/TimeOverGrow/src/components/TextBox.vue": {"path":"/Users/macbookpro/Documents/TimeOverGrow/src/components/TextBox.vue","statementMap":{"0":{"start":{"line":38,"column":0},"end":{"line":38,"column":null}},"1":{"start":{"line":39,"column":0},"end":{"line":39,"column":null}},"2":{"start":{"line":60,"column":0},"end":{"line":60,"column":null}},"3":{"start":{"line":68,"column":0},"end":{"line":68,"column":null}},"4":{"start":{"line":69,"column":0},"end":{"line":79,"column":null}},"5":{"start":{"line":70,"column":0},"end":{"line":70,"column":null}},"6":{"start":{"line":74,"column":0},"end":{"line":74,"column":null}},"7":{"start":{"line":75,"column":0},"end":{"line":75,"column":null}},"8":{"start":{"line":76,"column":0},"end":{"line":76,"column":null}},"9":{"start":{"line":78,"column":0},"end":{"line":78,"column":null}},"10":{"start":{"line":80,"column":0},"end":{"line":80,"column":null}},"11":{"start":{"line":84,"column":0},"end":{"line":84,"column":null}},"12":{"start":{"line":85,"column":0},"end":{"line":90,"column":null}},"13":{"start":{"line":86,"column":0},"end":{"line":86,"column":null}},"14":{"start":{"line":87,"column":0},"end":{"line":87,"column":null}},"15":{"start":{"line":89,"column":0},"end":{"line":89,"column":null}},"16":{"start":{"line":92,"column":0},"end":{"line":92,"column":null}},"17":{"start":{"line":96,"column":0},"end":{"line":96,"column":null}},"18":{"start":{"line":97,"column":0},"end":{"line":97,"column":null}},"19":{"start":{"line":98,"column":0},"end":{"line":105,"column":null}},"20":{"start":{"line":99,"column":0},"end":{"line":101,"column":null}},"21":{"start":{"line":100,"column":0},"end":{"line":100,"column":null}},"22":{"start":{"line":102,"column":0},"end":{"line":102,"column":null}},"23":{"start":{"line":104,"column":0},"end":{"line":104,"column":null}},"24":{"start":{"line":107,"column":0},"end":{"line":107,"column":null}}},"fnMap":{"0":{"name":"(anonymous_2)","decl":{"start":{"line":59,"column":0},"end":{"line":59,"column":null}},"loc":{"start":{"line":59,"column":0},"end":{"line":65,"column":null}}},"1":{"name":"(anonymous_3)","decl":{"start":{"line":67,"column":0},"end":{"line":67,"column":null}},"loc":{"start":{"line":67,"column":0},"end":{"line":81,"column":null}}},"2":{"name":"(anonymous_4)","decl":{"start":{"line":83,"column":0},"end":{"line":83,"column":null}},"loc":{"start":{"line":83,"column":0},"end":{"line":93,"column":null}}},"3":{"name":"(anonymous_5)","decl":{"start":{"line":95,"column":0},"end":{"line":95,"column":null}},"loc":{"start":{"line":95,"column":0},"end":{"line":108,"column":null}}}},"branchMap":{"0":{"loc":{"start":{"line":99,"column":0},"end":{"line":101,"column":null}},"type":"if","locations":[{"start":{"line":99,"column":0},"end":{"line":101,"column":null}},{"start":{"line":99,"column":0},"end":{"line":101,"column":null}}]}},"s":{"0":1,"1":1,"2":1,"3":0,"4":0,"5":0,"6":0,"7":0,"8":0,"9":0,"10":0,"11":0,"12":0,"13":0,"14":0,"15":0,"16":0,"17":0,"18":0,"19":0,"20":0,"21":0,"22":0,"23":0,"24":0},"f":{"0":1,"1":0,"2":0,"3":0},"b":{"0":[0,0]}}
,"/Users/macbookpro/Documents/TimeOverGrow/src/components/TotalTime.vue": {"path":"/Users/macbookpro/Documents/TimeOverGrow/src/components/TotalTime.vue","statementMap":{"0":{"start":{"line":18,"column":0},"end":{"line":18,"column":null}}},"fnMap":{"0":{"name":"(anonymous_1)","decl":{"start":{"line":17,"column":0},"end":{"line":17,"column":null}},"loc":{"start":{"line":17,"column":0},"end":{"line":21,"column":null}}}},"branchMap":{},"s":{"0":0},"f":{"0":0},"b":{}}
,"/Users/macbookpro/Documents/TimeOverGrow/src/pages/index.vue": {"path":"/Users/macbookpro/Documents/TimeOverGrow/src/pages/index.vue","statementMap":{"0":{"start":{"line":9,"column":0},"end":{"line":9,"column":null}},"1":{"start":{"line":10,"column":0},"end":{"line":10,"column":null}},"2":{"start":{"line":11,"column":0},"end":{"line":11,"column":null}},"3":{"start":{"line":12,"column":0},"end":{"line":12,"column":null}},"4":{"start":{"line":13,"column":0},"end":{"line":13,"column":null}},"5":{"start":{"line":14,"column":0},"end":{"line":14,"column":null}},"6":{"start":{"line":16,"column":0},"end":{"line":16,"column":null}}},"fnMap":{},"branchMap":{},"s":{"0":0,"1":0,"2":0,"3":0,"4":0,"5":0,"6":0},"f":{},"b":{}}
,"/Users/macbookpro/Documents/TimeOverGrow/src/pages/login.vue": {"path":"/Users/macbookpro/Documents/TimeOverGrow/src/pages/login.vue","statementMap":{"0":{"start":{"line":105,"column":0},"end":{"line":105,"column":null}},"1":{"start":{"line":106,"column":0},"end":{"line":106,"column":null}},"2":{"start":{"line":107,"column":0},"end":{"line":107,"column":null}},"3":{"start":{"line":116,"column":0},"end":{"line":116,"column":null}},"4":{"start":{"line":128,"column":0},"end":{"line":148,"column":null}},"5":{"start":{"line":134,"column":0},"end":{"line":134,"column":null}},"6":{"start":{"line":135,"column":0},"end":{"line":135,"column":null}},"7":{"start":{"line":136,"column":0},"end":{"line":136,"column":null}},"8":{"start":{"line":141,"column":0},"end":{"line":147,"column":null}},"9":{"start":{"line":142,"column":0},"end":{"line":142,"column":null}},"10":{"start":{"line":145,"column":0},"end":{"line":145,"column":null}}},"fnMap":{"0":{"name":"(anonymous_2)","decl":{"start":{"line":115,"column":0},"end":{"line":115,"column":null}},"loc":{"start":{"line":115,"column":0},"end":{"line":125,"column":null}}},"1":{"name":"(anonymous_3)","decl":{"start":{"line":127,"column":0},"end":{"line":127,"column":null}},"loc":{"start":{"line":127,"column":0},"end":{"line":149,"column":null}}},"2":{"name":"(anonymous_4)","decl":{"start":{"line":129,"column":0},"end":{"line":129,"column":null}},"loc":{"start":{"line":129,"column":0},"end":{"line":139,"column":null}}},"3":{"name":"(anonymous_5)","decl":{"start":{"line":139,"column":0},"end":{"line":139,"column":null}},"loc":{"start":{"line":139,"column":0},"end":{"line":148,"column":null}}}},"branchMap":{"0":{"loc":{"start":{"line":141,"column":0},"end":{"line":147,"column":null}},"type":"if","locations":[{"start":{"line":141,"column":0},"end":{"line":147,"column":null}},{"start":{"line":141,"column":0},"end":{"line":147,"column":null}}]}},"s":{"0":0,"1":0,"2":0,"3":0,"4":0,"5":0,"6":0,"7":0,"8":0,"9":0,"10":0},"f":{"0":0,"1":0,"2":0,"3":0},"b":{"0":[0,0]}}
,"/Users/macbookpro/Documents/TimeOverGrow/src/pages/register.vue": {"path":"/Users/macbookpro/Documents/TimeOverGrow/src/pages/register.vue","statementMap":{"0":{"start":{"line":135,"column":0},"end":{"line":135,"column":null}},"1":{"start":{"line":136,"column":0},"end":{"line":136,"column":null}},"2":{"start":{"line":137,"column":0},"end":{"line":137,"column":null}},"3":{"start":{"line":138,"column":0},"end":{"line":138,"column":null}},"4":{"start":{"line":139,"column":0},"end":{"line":139,"column":null}},"5":{"start":{"line":140,"column":0},"end":{"line":140,"column":null}},"6":{"start":{"line":141,"column":0},"end":{"line":141,"column":null}},"7":{"start":{"line":142,"column":0},"end":{"line":142,"column":null}},"8":{"start":{"line":151,"column":0},"end":{"line":151,"column":null}},"9":{"start":{"line":160,"column":0},"end":{"line":167,"column":null}},"10":{"start":{"line":161,"column":0},"end":{"line":161,"column":null}},"11":{"start":{"line":166,"column":0},"end":{"line":166,"column":null}},"12":{"start":{"line":170,"column":0},"end":{"line":170,"column":null}},"13":{"start":{"line":178,"column":0},"end":{"line":185,"column":null}},"14":{"start":{"line":179,"column":0},"end":{"line":179,"column":null}},"15":{"start":{"line":184,"column":0},"end":{"line":184,"column":null}},"16":{"start":{"line":193,"column":0},"end":{"line":193,"column":null}},"17":{"start":{"line":196,"column":0},"end":{"line":196,"column":null}},"18":{"start":{"line":197,"column":0},"end":{"line":197,"column":null}},"19":{"start":{"line":199,"column":0},"end":{"line":199,"column":null}},"20":{"start":{"line":204,"column":0},"end":{"line":204,"column":null}},"21":{"start":{"line":209,"column":0},"end":{"line":209,"column":null}},"22":{"start":{"line":214,"column":0},"end":{"line":214,"column":null}},"23":{"start":{"line":219,"column":0},"end":{"line":219,"column":null}},"24":{"start":{"line":228,"column":0},"end":{"line":258,"column":null}},"25":{"start":{"line":229,"column":0},"end":{"line":257,"column":null}},"26":{"start":{"line":235,"column":0},"end":{"line":235,"column":null}},"27":{"start":{"line":236,"column":0},"end":{"line":236,"column":null}},"28":{"start":{"line":237,"column":0},"end":{"line":237,"column":null}},"29":{"start":{"line":247,"column":0},"end":{"line":247,"column":null}},"30":{"start":{"line":248,"column":0},"end":{"line":256,"column":null}},"31":{"start":{"line":249,"column":0},"end":{"line":249,"column":null}},"32":{"start":{"line":251,"column":0},"end":{"line":256,"column":null}},"33":{"start":{"line":252,"column":0},"end":{"line":252,"column":null}},"34":{"start":{"line":254,"column":0},"end":{"line":254,"column":null}}},"fnMap":{"0":{"name":"(anonymous_2)","decl":{"start":{"line":150,"column":0},"end":{"line":150,"column":null}},"loc":{"start":{"line":150,"column":0},"end":{"line":190,"column":null}}},"1":{"name":"(anonymous_3)","decl":{"start":{"line":158,"column":0},"end":{"line":158,"column":null}},"loc":{"start":{"line":158,"column":0},"end":{"line":168,"column":null}}},"2":{"name":"(anonymous_4)","decl":{"start":{"line":170,"column":0},"end":{"line":170,"column":null}},"loc":{"start":{"line":170,"column":0},"end":{"line":170,"column":null}}},"3":{"name":"(anonymous_6)","decl":{"start":{"line":176,"column":0},"end":{"line":176,"column":null}},"loc":{"start":{"line":176,"column":0},"end":{"line":186,"column":null}}},"4":{"name":"(anonymous_7)","decl":{"start":{"line":192,"column":0},"end":{"line":192,"column":null}},"loc":{"start":{"line":192,"column":0},"end":{"line":194,"column":null}}},"5":{"name":"(anonymous_8)","decl":{"start":{"line":195,"column":0},"end":{"line":195,"column":null}},"loc":{"start":{"line":195,"column":0},"end":{"line":224,"column":null}}},"6":{"name":"(anonymous_9)","decl":{"start":{"line":227,"column":0},"end":{"line":227,"column":null}},"loc":{"start":{"line":227,"column":0},"end":{"line":259,"column":null}}},"7":{"name":"(anonymous_10)","decl":{"start":{"line":230,"column":0},"end":{"line":230,"column":null}},"loc":{"start":{"line":230,"column":0},"end":{"line":245,"column":null}}},"8":{"name":"(anonymous_11)","decl":{"start":{"line":245,"column":0},"end":{"line":245,"column":null}},"loc":{"start":{"line":245,"column":0},"end":{"line":257,"column":null}}}},"branchMap":{"0":{"loc":{"start":{"line":160,"column":0},"end":{"line":167,"column":null}},"type":"if","locations":[{"start":{"line":160,"column":0},"end":{"line":167,"column":null}},{"start":{"line":160,"column":0},"end":{"line":167,"column":null}}]},"1":{"loc":{"start":{"line":161,"column":0},"end":{"line":161,"column":null}},"type":"binary-expr","locations":[{"start":{"line":161,"column":0},"end":{"line":161,"column":null}},{"start":{"line":161,"column":0},"end":{"line":161,"column":null}}]},"2":{"loc":{"start":{"line":170,"column":0},"end":{"line":170,"column":null}},"type":"binary-expr","locations":[{"start":{"line":170,"column":0},"end":{"line":170,"column":null}},{"start":{"line":170,"column":0},"end":{"line":170,"column":null}}]},"3":{"loc":{"start":{"line":178,"column":0},"end":{"line":185,"column":null}},"type":"if","locations":[{"start":{"line":178,"column":0},"end":{"line":185,"column":null}},{"start":{"line":178,"column":0},"end":{"line":185,"column":null}}]},"4":{"loc":{"start":{"line":179,"column":0},"end":{"line":179,"column":null}},"type":"binary-expr","locations":[{"start":{"line":179,"column":0},"end":{"line":179,"column":null}},{"start":{"line":179,"column":0},"end":{"line":179,"column":null}}]},"5":{"loc":{"start":{"line":198,"column":0},"end":{"line":199,"column":null}},"type":"switch","locations":[{"start":{"line":198,"column":0},"end":{"line":199,"column":null}},{"start":{"line":203,"column":0},"end":{"line":204,"column":null}},{"start":{"line":208,"column":0},"end":{"line":209,"column":null}},{"start":{"line":213,"column":0},"end":{"line":214,"column":null}},{"start":{"line":218,"column":0},"end":{"line":219,"column":null}}]},"6":{"loc":{"start":{"line":228,"column":0},"end":{"line":258,"column":null}},"type":"if","locations":[{"start":{"line":228,"column":0},"end":{"line":258,"column":null}},{"start":{"line":228,"column":0},"end":{"line":258,"column":null}}]},"7":{"loc":{"start":{"line":248,"column":0},"end":{"line":256,"column":null}},"type":"if","locations":[{"start":{"line":248,"column":0},"end":{"line":256,"column":null}},{"start":{"line":248,"column":0},"end":{"line":256,"column":null}}]},"8":{"loc":{"start":{"line":251,"column":0},"end":{"line":256,"column":null}},"type":"if","locations":[{"start":{"line":251,"column":0},"end":{"line":256,"column":null}},{"start":{"line":251,"column":0},"end":{"line":256,"column":null}}]}},"s":{"0":0,"1":0,"2":0,"3":0,"4":0,"5":0,"6":0,"7":0,"8":0,"9":0,"10":0,"11":0,"12":0,"13":0,"14":0,"15":0,"16":0,"17":0,"18":0,"19":0,"20":0,"21":0,"22":0,"23":0,"24":0,"25":0,"26":0,"27":0,"28":0,"29":0,"30":0,"31":0,"32":0,"33":0,"34":0},"f":{"0":0,"1":0,"2":0,"3":0,"4":0,"5":0,"6":0,"7":0,"8":0},"b":{"0":[0,0],"1":[0,0],"2":[0,0],"3":[0,0],"4":[0,0],"5":[0,0,0,0,0],"6":[0,0],"7":[0,0],"8":[0,0]}}
}
