TN:
SF:src/components/Chart.vue
FN:9,(anonymous_1)
FNF:1
FNH:0
FNDA:0,(anonymous_1)
DA:2,0
DA:3,0
DA:10,0
LF:3
LH:0
BRF:0
BRH:0
end_of_record
TN:
SF:src/components/Main.vue
FN:45,(anonymous_2)
FN:59,(anonymous_3)
FN:63,(anonymous_4)
FN:66,(anonymous_5)
FN:78,(anonymous_6)
FN:81,(anonymous_7)
FN:84,(anonymous_8)
FN:123,(anonymous_9)
FN:132,(anonymous_10)
FN:139,(anonymous_11)
FN:149,(anonymous_12)
FN:159,(anonymous_13)
FNF:12
FNH:0
FNDA:0,(anonymous_2)
FNDA:0,(anonymous_3)
FNDA:0,(anonymous_4)
FNDA:0,(anonymous_5)
FNDA:0,(anonymous_6)
FNDA:0,(anonymous_7)
FNDA:0,(anonymous_8)
FNDA:0,(anonymous_9)
FNDA:0,(anonymous_10)
FNDA:0,(anonymous_11)
FNDA:0,(anonymous_12)
FNDA:0,(anonymous_13)
DA:29,0
DA:30,0
DA:31,0
DA:32,0
DA:33,0
DA:34,0
DA:46,0
DA:60,0
DA:64,0
DA:67,0
DA:68,0
DA:69,0
DA:71,0
DA:72,0
DA:73,0
DA:74,0
DA:79,0
DA:82,0
DA:85,0
DA:86,0
DA:87,0
DA:88,0
DA:91,0
DA:124,0
DA:133,0
DA:140,0
DA:141,0
DA:142,0
DA:144,0
DA:147,0
DA:150,0
DA:151,0
DA:152,0
DA:154,0
DA:157,0
DA:160,0
DA:161,0
DA:162,0
DA:163,0
DA:164,0
DA:167,0
DA:170,0
LF:42
LH:0
BRDA:87,0,0,0
BRDA:87,0,1,0
BRDA:163,1,0,0
BRDA:163,1,1,0
BRF:4
BRH:0
end_of_record
TN:
SF:src/components/MessageList.vue
FN:27,(anonymous_2)
FN:28,(anonymous_3)
FNF:2
FNH:0
FNDA:0,(anonymous_2)
FNDA:0,(anonymous_3)
DA:17,1
DA:28,0
DA:29,0
DA:30,0
DA:32,0
DA:33,0
DA:35,0
DA:36,0
DA:39,0
LF:9
LH:1
BRDA:29,0,0,0
BRDA:29,0,1,0
BRDA:32,1,0,0
BRDA:32,1,1,0
BRDA:35,2,0,0
BRDA:35,2,1,0
BRF:6
BRH:0
end_of_record
TN:
SF:src/components/SocialLogin.vue
FN:64,(anonymous_1)
FN:65,(anonymous_2)
FN:71,(anonymous_3)
FN:77,(anonymous_4)
FN:78,(anonymous_5)
FN:85,(anonymous_6)
FNF:6
FNH:0
FNDA:0,(anonymous_1)
FNDA:0,(anonymous_2)
FNDA:0,(anonymous_3)
FNDA:0,(anonymous_4)
FNDA:0,(anonymous_5)
FNDA:0,(anonymous_6)
DA:59,0
DA:65,0
DA:68,0
DA:73,0
DA:78,0
DA:81,0
DA:84,0
DA:87,0
DA:88,0
DA:89,0
LF:10
LH:0
BRF:0
BRH:0
end_of_record
TN:
SF:src/components/TextBox.vue
FN:59,(anonymous_2)
FN:67,(anonymous_3)
FN:83,(anonymous_4)
FN:95,(anonymous_5)
FNF:4
FNH:1
FNDA:1,(anonymous_2)
FNDA:0,(anonymous_3)
FNDA:0,(anonymous_4)
FNDA:0,(anonymous_5)
DA:38,1
DA:39,1
DA:60,1
DA:68,0
DA:69,0
DA:70,0
DA:74,0
DA:75,0
DA:76,0
DA:78,0
DA:80,0
DA:84,0
DA:85,0
DA:86,0
DA:87,0
DA:89,0
DA:92,0
DA:96,0
DA:97,0
DA:98,0
DA:99,0
DA:100,0
DA:102,0
DA:104,0
DA:107,0
LF:25
LH:3
BRDA:99,0,0,0
BRDA:99,0,1,0
BRF:2
BRH:0
end_of_record
TN:
SF:src/components/TotalTime.vue
FN:17,(anonymous_1)
FNF:1
FNH:0
FNDA:0,(anonymous_1)
DA:18,0
LF:1
LH:0
BRF:0
BRH:0
end_of_record
TN:
SF:src/pages/index.vue
FNF:0
FNH:0
DA:9,0
DA:10,0
DA:11,0
DA:12,0
DA:13,0
DA:14,0
DA:16,0
LF:7
LH:0
BRF:0
BRH:0
end_of_record
TN:
SF:src/pages/login.vue
FN:115,(anonymous_2)
FN:127,(anonymous_3)
FN:129,(anonymous_4)
FN:139,(anonymous_5)
FNF:4
FNH:0
FNDA:0,(anonymous_2)
FNDA:0,(anonymous_3)
FNDA:0,(anonymous_4)
FNDA:0,(anonymous_5)
DA:105,0
DA:106,0
DA:107,0
DA:116,0
DA:128,0
DA:134,0
DA:135,0
DA:136,0
DA:141,0
DA:142,0
DA:145,0
LF:11
LH:0
BRDA:141,0,0,0
BRDA:141,0,1,0
BRF:2
BRH:0
end_of_record
TN:
SF:src/pages/register.vue
FN:150,(anonymous_2)
FN:158,(anonymous_3)
FN:170,(anonymous_4)
FN:176,(anonymous_6)
FN:192,(anonymous_7)
FN:195,(anonymous_8)
FN:227,(anonymous_9)
FN:230,(anonymous_10)
FN:245,(anonymous_11)
FNF:9
FNH:0
FNDA:0,(anonymous_2)
FNDA:0,(anonymous_3)
FNDA:0,(anonymous_4)
FNDA:0,(anonymous_6)
FNDA:0,(anonymous_7)
FNDA:0,(anonymous_8)
FNDA:0,(anonymous_9)
FNDA:0,(anonymous_10)
FNDA:0,(anonymous_11)
DA:135,0
DA:136,0
DA:137,0
DA:138,0
DA:139,0
DA:140,0
DA:141,0
DA:142,0
DA:151,0
DA:160,0
DA:161,0
DA:166,0
DA:170,0
DA:178,0
DA:179,0
DA:184,0
DA:193,0
DA:196,0
DA:197,0
DA:199,0
DA:204,0
DA:209,0
DA:214,0
DA:219,0
DA:228,0
DA:229,0
DA:235,0
DA:236,0
DA:237,0
DA:247,0
DA:248,0
DA:249,0
DA:251,0
DA:252,0
DA:254,0
LF:35
LH:0
BRDA:160,0,0,0
BRDA:160,0,1,0
BRDA:161,1,0,0
BRDA:161,1,1,0
BRDA:170,2,0,0
BRDA:170,2,1,0
BRDA:178,3,0,0
BRDA:178,3,1,0
BRDA:179,4,0,0
BRDA:179,4,1,0
BRDA:198,5,0,0
BRDA:198,5,1,0
BRDA:198,5,2,0
BRDA:198,5,3,0
BRDA:198,5,4,0
BRDA:228,6,0,0
BRDA:228,6,1,0
BRDA:248,7,0,0
BRDA:248,7,1,0
BRDA:251,8,0,0
BRDA:251,8,1,0
BRF:21
BRH:0
end_of_record
